<?xml version="1.0" encoding="UTF-8"?>
<!-- Generated by org.testng.reporters.JUnitReportReporter -->
<testsuite hostname="LE15-RBE4-IND" failures="0" tests="1" name="com.technocredits.orghrm.testscripts.TC_2_DashboardWidgets" time="51.495" errors="0" timestamp="2022-07-01T22:55:47 IST" skipped="0">
  <testcase classname="com.technocredits.orghrm.testscripts.TC_2_DashboardWidgets" name="TC2_DashboardWidgets" time="51.495"/>
  <system-out/>
</testsuite> <!-- com.technocredits.orghrm.testscripts.TC_2_DashboardWidgets -->
