<?xml version="1.0" encoding="UTF-8"?>
<!-- Generated by org.testng.reporters.JUnitReportReporter -->
<testsuite hostname="LE15-RBE4-IND" failures="0" tests="1" name="com.technocredits.orghrm.testscripts.TC_3_SettingsAbout" time="48.889" errors="0" timestamp="2022-07-02T00:37:10 IST" skipped="0">
  <testcase classname="com.technocredits.orghrm.testscripts.TC_3_SettingsAbout" name="TC3_SettingsAbout" time="48.889"/>
  <system-out/>
</testsuite> <!-- com.technocredits.orghrm.testscripts.TC_3_SettingsAbout -->
