<?xml version="1.0" encoding="UTF-8"?>
<!-- Generated by org.testng.reporters.JUnitReportReporter -->
<testsuite hostname="LE15-RBE4-IND" failures="0" tests="3" name="com.technocredits.orghrm.testscripts.LoginTest" time="15.846" errors="0" timestamp="2022-06-26T19:32:06 IST" skipped="0">
  <testcase classname="com.technocredits.orghrm.testscripts.LoginTest" name="loginTest" time="15.838"/>
  <system-out/>
  <testcase classname="com.technocredits.orghrm.testscripts.LoginTest" name="loginInvalidCredentailsTest" time="0.007"/>
  <system-out/>
  <testcase classname="com.technocredits.orghrm.testscripts.LoginTest" name="loginUIValidationTest" time="0.001"/>
  <system-out/>
</testsuite> <!-- com.technocredits.orghrm.testscripts.LoginTest -->
