<?xml version="1.0" encoding="UTF-8"?>
<!-- Generated by org.testng.reporters.JUnitReportReporter -->
<testsuite hostname="LE15-RBE4-IND" failures="0" tests="1" name="com.technocredits.orghrm.testscripts.testcheck" time="2.532" errors="0" timestamp="2022-06-26T18:15:42 IST" skipped="0">
  <testcase classname="com.technocredits.orghrm.testscripts.testcheck" name="launchbrowser" time="2.532"/>
  <system-out/>
</testsuite> <!-- com.technocredits.orghrm.testscripts.testcheck -->
